-------------------------------------------------------------------------------
Test set: Log out Functionality [AutomationS3-AD] #1
-------------------------------------------------------------------------------
Tests run: 2, Failures: 1, Errors: 0, Skipped: 0, Time elapsed: 26.098 s <<< FAILURE! - in Log out Functionality [AutomationS3-AD] #1
Log out Functionality [AutomationS3-AD] #1.User can log out and ends up in login page #2  Time elapsed: 10.552 s  <<< FAILURE!
java.lang.AssertionError

